<?xml version="1.0" encoding="UTF-8" ?>
<testsuite failures="0" time="1.72" errors="0" skipped="0" tests="25" name="TestSuite">
  <properties>
    <property name="java.runtime.name" value="Java(TM) SE Runtime Environment"/>
    <property name="sun.boot.library.path" value="C:\Program Files\Java\jre7\bin"/>
    <property name="java.vm.version" value="23.0-b21"/>
    <property name="java.vm.vendor" value="Oracle Corporation"/>
    <property name="java.vendor.url" value="http://java.oracle.com/"/>
    <property name="path.separator" value=";"/>
    <property name="guice.disable.misplaced.annotation.check" value="true"/>
    <property name="java.vm.name" value="Java HotSpot(TM) 64-Bit Server VM"/>
    <property name="file.encoding.pkg" value="sun.io"/>
    <property name="user.script" value=""/>
    <property name="user.country" value="BR"/>
    <property name="sun.java.launcher" value="SUN_STANDARD"/>
    <property name="sun.os.patch.level" value="Service Pack 1"/>
    <property name="java.vm.specification.name" value="Java Virtual Machine Specification"/>
    <property name="user.dir" value="C:\Users\Miqueias Vieira\Desktop\workspace\moonjava-flight"/>
    <property name="java.runtime.version" value="1.7.0_04-b22"/>
    <property name="java.awt.graphicsenv" value="sun.awt.Win32GraphicsEnvironment"/>
    <property name="java.endorsed.dirs" value="C:\Program Files\Java\jre7\lib\endorsed"/>
    <property name="os.arch" value="amd64"/>
    <property name="java.io.tmpdir" value="C:\Users\MIQUEI~1\AppData\Local\Temp\"/>
    <property name="line.separator" value="
"/>
    <property name="java.vm.specification.vendor" value="Oracle Corporation"/>
    <property name="user.variant" value=""/>
    <property name="os.name" value="Windows 7"/>
    <property name="classworlds.conf" value="C:\Users\Miqueias Vieira\Desktop\workspace\.metadata\.plugins\org.eclipse.m2e.core\launches\m2conf2513695790015015601.tmp"/>
    <property name="sun.jnu.encoding" value="Cp1252"/>
    <property name="java.library.path" value="C:\Program Files\Java\jre7\bin;C:\Windows\Sun\Java\bin;C:\Windows\system32;C:\Windows;C:\Windows\system32;C:\Windows;C:\Windows\System32\Wbem;C:\Windows\System32\WindowsPowerShell\v1.0;C:\Program Files\Java\jdk1.7.0_04\bin;C:\Program Files\Java\jdk1.7.0_04\jre\bin;."/>
    <property name="java.specification.name" value="Java Platform API Specification"/>
    <property name="java.class.version" value="51.0"/>
    <property name="sun.management.compiler" value="HotSpot 64-Bit Tiered Compilers"/>
    <property name="os.version" value="6.1"/>
    <property name="user.home" value="C:\Users\Miqueias Vieira"/>
    <property name="user.timezone" value="America/Sao_Paulo"/>
    <property name="java.awt.printerjob" value="sun.awt.windows.WPrinterJob"/>
    <property name="java.specification.version" value="1.7"/>
    <property name="file.encoding" value="Cp1252"/>
    <property name="user.name" value="Miqueias Vieira"/>
    <property name="java.class.path" value="/C:/Users/Miqueias Vieira/Desktop/eclipse/plugins/org.eclipse.m2e.maven.runtime_1.1.0.20120529-1956/jars/plexus-classworlds-2.4.jar"/>
    <property name="java.vm.specification.version" value="1.7"/>
    <property name="sun.arch.data.model" value="64"/>
    <property name="java.home" value="C:\Program Files\Java\jre7"/>
    <property name="sun.java.command" value="org.codehaus.plexus.classworlds.launcher.Launcher -B test"/>
    <property name="java.specification.vendor" value="Oracle Corporation"/>
    <property name="user.language" value="pt"/>
    <property name="awt.toolkit" value="sun.awt.windows.WToolkit"/>
    <property name="java.vm.info" value="mixed mode"/>
    <property name="java.version" value="1.7.0_04"/>
    <property name="java.ext.dirs" value="C:\Program Files\Java\jre7\lib\ext;C:\Windows\Sun\Java\lib\ext"/>
    <property name="sun.boot.class.path" value="C:\Program Files\Java\jre7\lib\resources.jar;C:\Program Files\Java\jre7\lib\rt.jar;C:\Program Files\Java\jre7\lib\sunrsasign.jar;C:\Program Files\Java\jre7\lib\jsse.jar;C:\Program Files\Java\jre7\lib\jce.jar;C:\Program Files\Java\jre7\lib\charsets.jar;C:\Program Files\Java\jre7\lib\jfr.jar;C:\Program Files\Java\jre7\classes"/>
    <property name="java.vendor" value="Oracle Corporation"/>
    <property name="maven.home" value="C:\Users\Miqueias Vieira\Desktop\workspace\moonjava-flight\EMBEDDED"/>
    <property name="file.separator" value="\"/>
    <property name="java.vendor.url.bug" value="http://bugreport.sun.com/bugreport/"/>
    <property name="sun.cpu.endian" value="little"/>
    <property name="sun.io.unicode.encoding" value="UnicodeLittle"/>
    <property name="sun.desktop" value="windows"/>
    <property name="sun.cpu.isalist" value="amd64"/>
  </properties>
  <testcase time="0.172" classname="br.com.moonjava.flight.action.TesteDeAtualizarVoo" name="voo_deve_ser_atualizado"/>
  <testcase time="0.031" classname="br.com.moonjava.flight.action.TesteDeConsultarVoo" name="buscar_por_todos_voos_disponiveis"/>
  <testcase time="0.016" classname="br.com.moonjava.flight.action.TesteDeConsultarVoo" name="consulta_por_codigo"/>
  <testcase time="0.015" classname="br.com.moonjava.flight.action.TesteDeConsultarVoo" name="filtro_por_destino"/>
  <testcase time="0.016" classname="br.com.moonjava.flight.action.TesteDeConsultarVoo" name="filtro_por_origem"/>
  <testcase time="0.015" classname="br.com.moonjava.flight.action.TesteDeConsultarVoo" name="filtro_por_status_e_data_de_chegada"/>
  <testcase time="0.016" classname="br.com.moonjava.flight.action.TesteDeConsultarVoo" name="filtro_por_status_e_data_de_partida"/>
  <testcase time="0" classname="br.com.moonjava.flight.action.TesteDeConsultarVoo" name="filtro_por_status_indisponivel"/>
  <testcase time="0.032" classname="br.com.moonjava.flight.action.TesteDeControlarStatus" name="status_deve_ser_atualizado"/>
  <testcase time="0.031" classname="br.com.moonjava.flight.action.TesteDeCriarVoo" name="voo_deve_ser_criado"/>
  <testcase time="0.031" classname="br.com.moonjava.flight.action.TesteDeDeletarVoo" name="voo_deve_ser_deletado_por_codigo"/>
  <testcase time="0.016" classname="br.com.moonjava.flight.jdbc.TesteDeConexao" name="conexao_com_o_bd_deve_funcionar"/>
  <testcase time="0.062" classname="br.com.moonjava.flight.jdbc.TesteDeDbUnit" name="teste_de_insert_dbunit"/>
  <testcase time="0" classname="br.com.moonjava.flight.util.TesteDeCPF" name="cpf_deve_ser_convertido_em_numero"/>
  <testcase time="0" classname="br.com.moonjava.flight.util.TesteDeCPF" name="cpf_deve_ser_valido"/>
  <testcase time="0" classname="br.com.moonjava.flight.util.TesteDeCPF" name="excecao_de_cpf_invalido_deve_ser_lancada_com_12_digitos"/>
  <testcase time="0" classname="br.com.moonjava.flight.util.TesteDeCPF" name="excecao_de_cpf_invalido_deve_ser_lancada_com_long"/>
  <testcase time="0" classname="br.com.moonjava.flight.util.TesteDeCPF" name="excecao_de_cpf_invalido_deve_ser_lancada_com_string"/>
  <testcase time="0" classname="br.com.moonjava.flight.util.TesteDeParam" name="object_deve_ter_casting_de_String"/>
  <testcase time="0" classname="br.com.moonjava.flight.util.TesteDeParam" name="object_deve_ter_casting_de_boolean"/>
  <testcase time="0" classname="br.com.moonjava.flight.util.TesteDeParam" name="object_deve_ter_casting_de_date_time"/>
  <testcase time="0" classname="br.com.moonjava.flight.util.TesteDeParam" name="object_deve_ter_casting_de_double"/>
  <testcase time="0" classname="br.com.moonjava.flight.util.TesteDeParam" name="object_deve_ter_casting_de_integer"/>
  <testcase time="0.016" classname="br.com.moonjava.flight.util.TesteDeParam" name="object_deve_ter_casting_de_local_date"/>
  <testcase time="0" classname="br.com.moonjava.flight.util.TesteDeParam" name="object_deve_ter_casting_de_long"/>
</testsuite>