<?xml version="1.0" encoding="UTF-8" ?>
<testsuite failures="0" time="3.686" errors="0" skipped="0" tests="31" name="TestSuite">
  <properties>
    <property name="java.runtime.name" value="OpenJDK Runtime Environment"/>
    <property name="sun.boot.library.path" value="/usr/lib/jvm/java-6-openjdk-i386/jre/lib/i386"/>
    <property name="java.vm.version" value="20.0-b12"/>
    <property name="java.vm.vendor" value="Sun Microsystems Inc."/>
    <property name="java.vendor.url" value="http://java.sun.com/"/>
    <property name="path.separator" value=":"/>
    <property name="java.vm.name" value="OpenJDK Server VM"/>
    <property name="file.encoding.pkg" value="sun.io"/>
    <property name="user.country" value="US"/>
    <property name="sun.java.launcher" value="SUN_STANDARD"/>
    <property name="sun.os.patch.level" value="unknown"/>
    <property name="java.vm.specification.name" value="Java Virtual Machine Specification"/>
    <property name="user.dir" value="/home/taguiar/workspace/moonjava-flight"/>
    <property name="java.runtime.version" value="1.6.0_24-b24"/>
    <property name="java.awt.graphicsenv" value="sun.awt.X11GraphicsEnvironment"/>
    <property name="java.endorsed.dirs" value="/usr/lib/jvm/java-6-openjdk-i386/jre/lib/endorsed"/>
    <property name="os.arch" value="i386"/>
    <property name="java.io.tmpdir" value="/tmp"/>
    <property name="line.separator" value="
"/>
    <property name="java.vm.specification.vendor" value="Sun Microsystems Inc."/>
    <property name="os.name" value="Linux"/>
    <property name="classworlds.conf" value="/usr/share/maven2/bin/m2.conf"/>
    <property name="sun.jnu.encoding" value="UTF-8"/>
    <property name="java.library.path" value="/usr/lib/jvm/java-6-openjdk-i386/jre/lib/i386/server:/usr/lib/jvm/java-6-openjdk-i386/jre/lib/i386:/usr/lib/jvm/java-6-openjdk-i386/jre/../lib/i386:/usr/java/packages/lib/i386:/usr/lib/i386-linux-gnu/jni:/lib/i386-linux-gnu:/usr/lib/i386-linux-gnu:/usr/lib/jni:/lib:/usr/lib"/>
    <property name="java.specification.name" value="Java Platform API Specification"/>
    <property name="java.class.version" value="50.0"/>
    <property name="sun.management.compiler" value="HotSpot Tiered Compilers"/>
    <property name="os.version" value="3.2.0-27-generic"/>
    <property name="user.home" value="/home/taguiar"/>
    <property name="user.timezone" value="America/Sao_Paulo"/>
    <property name="java.awt.printerjob" value="sun.print.PSPrinterJob"/>
    <property name="file.encoding" value="UTF-8"/>
    <property name="java.specification.version" value="1.6"/>
    <property name="user.name" value="taguiar"/>
    <property name="java.class.path" value="/usr/share/maven2/boot/classworlds.jar"/>
    <property name="java.vm.specification.version" value="1.0"/>
    <property name="sun.arch.data.model" value="32"/>
    <property name="java.home" value="/usr/lib/jvm/java-6-openjdk-i386/jre"/>
    <property name="sun.java.command" value="org.codehaus.classworlds.Launcher &quot;clean&quot; &quot;install&quot;"/>
    <property name="java.specification.vendor" value="Sun Microsystems Inc."/>
    <property name="user.language" value="en"/>
    <property name="java.vm.info" value="mixed mode"/>
    <property name="java.version" value="1.6.0_24"/>
    <property name="java.ext.dirs" value="/usr/lib/jvm/java-6-openjdk-i386/jre/lib/ext:/usr/java/packages/lib/ext"/>
    <property name="securerandom.source" value="file:/dev/./urandom"/>
    <property name="sun.boot.class.path" value="/usr/lib/jvm/java-6-openjdk-i386/jre/lib/resources.jar:/usr/lib/jvm/java-6-openjdk-i386/jre/lib/rt.jar:/usr/lib/jvm/java-6-openjdk-i386/jre/lib/sunrsasign.jar:/usr/lib/jvm/java-6-openjdk-i386/jre/lib/jsse.jar:/usr/lib/jvm/java-6-openjdk-i386/jre/lib/jce.jar:/usr/lib/jvm/java-6-openjdk-i386/jre/lib/charsets.jar:/usr/lib/jvm/java-6-openjdk-i386/jre/lib/netx.jar:/usr/lib/jvm/java-6-openjdk-i386/jre/lib/plugin.jar:/usr/lib/jvm/java-6-openjdk-i386/jre/lib/rhino.jar:/usr/lib/jvm/java-6-openjdk-i386/jre/lib/modules/jdk.boot.jar:/usr/lib/jvm/java-6-openjdk-i386/jre/classes"/>
    <property name="java.vendor" value="Sun Microsystems Inc."/>
    <property name="maven.home" value="/usr/share/maven2"/>
    <property name="file.separator" value="/"/>
    <property name="java.vendor.url.bug" value="http://java.sun.com/cgi-bin/bugreport.cgi"/>
    <property name="sun.cpu.endian" value="little"/>
    <property name="sun.io.unicode.encoding" value="UnicodeLittle"/>
    <property name="sun.desktop" value="gnome"/>
    <property name="sun.cpu.isalist" value=""/>
  </properties>
  <testcase time="0.144" classname="br.com.moonjava.flight.action.TesteDeAtualizarAeronave" name="atualizar_aeronave"/>
  <testcase time="0.202" classname="br.com.moonjava.flight.action.TesteDeAtualizarVoo" name="voo_deve_ser_atualizado"/>
  <testcase time="0.015" classname="br.com.moonjava.flight.action.TesteDeConsultarAeronave" name="consultar_por_filtro_nome"/>
  <testcase time="0.013" classname="br.com.moonjava.flight.action.TesteDeConsultarAeronave" name="consultar_todas_aeronaves"/>
  <testcase time="0.014" classname="br.com.moonjava.flight.action.TesteDeConsultarVoo" name="buscar_por_todos_voos_disponiveis"/>
  <testcase time="0.013" classname="br.com.moonjava.flight.action.TesteDeConsultarVoo" name="consulta_por_id"/>
  <testcase time="0.015" classname="br.com.moonjava.flight.action.TesteDeConsultarVoo" name="consultar_por_aeronave"/>
  <testcase time="0.017" classname="br.com.moonjava.flight.action.TesteDeConsultarVoo" name="filtro_por_destino"/>
  <testcase time="0.015" classname="br.com.moonjava.flight.action.TesteDeConsultarVoo" name="filtro_por_origem"/>
  <testcase time="0.014" classname="br.com.moonjava.flight.action.TesteDeConsultarVoo" name="filtro_por_status_e_data_de_chegada"/>
  <testcase time="0.027" classname="br.com.moonjava.flight.action.TesteDeConsultarVoo" name="filtro_por_status_e_data_de_partida"/>
  <testcase time="0.03" classname="br.com.moonjava.flight.action.TesteDeConsultarVoo" name="filtro_por_status_indisponivel"/>
  <testcase time="0.103" classname="br.com.moonjava.flight.action.TesteDeControlarStatus" name="status_deve_ser_atualizado"/>
  <testcase time="0.075" classname="br.com.moonjava.flight.action.TesteDeCriarAeronave" name="criar_aeronave"/>
  <testcase time="0.151" classname="br.com.moonjava.flight.action.TesteDeCriarVoo" name="voo_deve_ser_criado"/>
  <testcase time="0.128" classname="br.com.moonjava.flight.action.TesteDeDeletarAeronave" name="deletar"/>
  <testcase time="0.063" classname="br.com.moonjava.flight.action.TesteDeDeletarVoo" name="voo_deve_ser_deletado_por_codigo"/>
  <testcase time="0.008" classname="br.com.moonjava.flight.jdbc.TesteDeConexao" name="conexao_com_o_bd_deve_funcionar"/>
  <testcase time="0.096" classname="br.com.moonjava.flight.jdbc.TesteDeDbUnit" name="teste_de_insert_dbunit"/>
  <testcase time="0.006" classname="br.com.moonjava.flight.util.TesteDeCPF" name="cpf_deve_ser_convertido_em_numero"/>
  <testcase time="0" classname="br.com.moonjava.flight.util.TesteDeCPF" name="cpf_deve_ser_valido"/>
  <testcase time="0.002" classname="br.com.moonjava.flight.util.TesteDeCPF" name="excecao_de_cpf_invalido_deve_ser_lancada_com_12_digitos"/>
  <testcase time="0" classname="br.com.moonjava.flight.util.TesteDeCPF" name="excecao_de_cpf_invalido_deve_ser_lancada_com_long"/>
  <testcase time="0.005" classname="br.com.moonjava.flight.util.TesteDeCPF" name="excecao_de_cpf_invalido_deve_ser_lancada_com_string"/>
  <testcase time="0" classname="br.com.moonjava.flight.util.TesteDeParam" name="object_deve_ter_casting_de_String"/>
  <testcase time="0" classname="br.com.moonjava.flight.util.TesteDeParam" name="object_deve_ter_casting_de_boolean"/>
  <testcase time="0" classname="br.com.moonjava.flight.util.TesteDeParam" name="object_deve_ter_casting_de_date_time"/>
  <testcase time="0" classname="br.com.moonjava.flight.util.TesteDeParam" name="object_deve_ter_casting_de_double"/>
  <testcase time="0.007" classname="br.com.moonjava.flight.util.TesteDeParam" name="object_deve_ter_casting_de_integer"/>
  <testcase time="0.002" classname="br.com.moonjava.flight.util.TesteDeParam" name="object_deve_ter_casting_de_local_date"/>
  <testcase time="0" classname="br.com.moonjava.flight.util.TesteDeParam" name="object_deve_ter_casting_de_long"/>
</testsuite>