<?xml version="1.0" encoding="UTF-8"?>
<!-- Generated by org.testng.reporters.JUnitReportReporter -->
<testsuite hostname="MiqueiasVieira" name="br.com.moonjava.flight.jdbc.TesteDeDbUnit" tests="1" failures="0" timestamp="28 Jul 2012 18:27:45 GMT" time="0.100" errors="0">
  <testcase name="teste_de_insert_dbunit" time="0.100" classname="br.com.moonjava.flight.jdbc.TesteDeDbUnit"/>
</testsuite> <!-- br.com.moonjava.flight.jdbc.TesteDeDbUnit -->
