<?xml version="1.0" encoding="UTF-8"?>
<!-- Generated by org.testng.reporters.JUnitReportReporter -->
<testsuite hostname="tiago-Compaq-Presario-CQ42-Notebook-PC" name="br.com.moonjava.base.action.TesteDeVoo" tests="7" failures="0" timestamp="8 Jul 2012 15:57:35 GMT" time="0.625" errors="0">
  <testcase name="filtro_por_status_e_data_de_partida" time="0.020" classname="br.com.moonjava.base.action.TesteDeVoo"/>
  <testcase name="buscar_por_todos_voos_disponiveis" time="0.458" classname="br.com.moonjava.base.action.TesteDeVoo"/>
  <testcase name="filtro_por_status_e_data_de_chegada" time="0.029" classname="br.com.moonjava.base.action.TesteDeVoo"/>
  <testcase name="filtro_por_origem" time="0.032" classname="br.com.moonjava.base.action.TesteDeVoo"/>
  <testcase name="consulta_por_codigo" time="0.022" classname="br.com.moonjava.base.action.TesteDeVoo"/>
  <testcase name="filtro_por_destino" time="0.034" classname="br.com.moonjava.base.action.TesteDeVoo"/>
  <testcase name="filtro_por_status_indisponivel" time="0.030" classname="br.com.moonjava.base.action.TesteDeVoo"/>
</testsuite> <!-- br.com.moonjava.base.action.TesteDeVoo -->
