<?xml version="1.0" encoding="UTF-8"?>
<!-- Generated by org.testng.reporters.JUnitReportReporter -->
<testsuite hostname="tiago-Compaq-Presario-CQ42-Notebook-PC" name="br.com.moonjava.flight.action.TesteDeConsultarAeronave" tests="2" failures="0" timestamp="4 Aug 2012 04:17:49 GMT" time="0.070" errors="0">
  <testcase name="consultar_todas_aeronaves" time="0.022" classname="br.com.moonjava.flight.action.TesteDeConsultarAeronave"/>
  <testcase name="consultar_por_filtro_nome" time="0.048" classname="br.com.moonjava.flight.action.TesteDeConsultarAeronave"/>
</testsuite> <!-- br.com.moonjava.flight.action.TesteDeConsultarAeronave -->
