<?xml version="1.0" encoding="UTF-8"?>
<!-- Generated by org.testng.reporters.JUnitReportReporter -->
<testsuite hostname="tiago-Compaq-Presario-CQ42-Notebook-PC" name="br.com.moonjava.flight.action.TesteDeControlarStatus" tests="1" failures="0" timestamp="11 Jul 2012 02:33:09 GMT" time="0.272" errors="0">
  <testcase name="status_deve_ser_atualizado" time="0.272" classname="br.com.moonjava.flight.action.TesteDeControlarStatus"/>
</testsuite> <!-- br.com.moonjava.flight.action.TesteDeControlarStatus -->
