<?xml version="1.0" encoding="UTF-8"?>
<!-- Generated by org.testng.reporters.JUnitReportReporter -->
<testsuite hostname="tiago-Compaq-Presario-CQ42-Notebook-PC" name="br.com.moonjava.action.TesteDeAtualizarVoo" tests="1" failures="0" timestamp="9 Jul 2012 05:42:44 GMT" time="0.282" errors="0">
  <testcase name="voo_deve_ser_atualizado" time="0.282" classname="br.com.moonjava.action.TesteDeAtualizarVoo"/>
</testsuite> <!-- br.com.moonjava.action.TesteDeAtualizarVoo -->
