<?xml version="1.0" encoding="UTF-8"?>
<!-- Generated by org.testng.reporters.JUnitReportReporter -->
<testsuite hostname="tiago-Compaq-Presario-CQ42-Notebook-PC" name="br.com.moonjava.flight.action.TesteDeAtualizarVoo" tests="1" failures="0" timestamp="10 Jul 2012 01:48:51 GMT" time="0.279" errors="0">
  <testcase name="voo_deve_ser_atualizado" time="0.279" classname="br.com.moonjava.flight.action.TesteDeAtualizarVoo"/>
</testsuite> <!-- br.com.moonjava.flight.action.TesteDeAtualizarVoo -->
