<?xml version="1.0" encoding="UTF-8"?>
<!-- Generated by org.testng.reporters.JUnitReportReporter -->
<testsuite hostname="tiago-Compaq-Presario-CQ42-Notebook-PC" name="br.com.moonjava.base.action.TesteVoo" tests="1" failures="0" timestamp="5 Jul 2012 10:39:31 GMT" time="0.139" errors="0">
  <testcase name="voo_deve_ser_listado" time="0.139" classname="br.com.moonjava.base.action.TesteVoo"/>
</testsuite> <!-- br.com.moonjava.base.action.TesteVoo -->
