<?xml version="1.0" encoding="UTF-8"?>
<!-- Generated by org.testng.reporters.JUnitReportReporter -->
<testsuite hostname="MiqueiasVieira" name="br.com.moonjava.flight.action.TesteDeConsultarAeronave" tests="2" failures="0" timestamp="28 Jul 2012 01:58:14 GMT" time="0.031" errors="0">
  <testcase name="consultar_todas_aeronaves" time="0.016" classname="br.com.moonjava.flight.action.TesteDeConsultarAeronave"/>
  <testcase name="consultar_por_filtro_nome" time="0.015" classname="br.com.moonjava.flight.action.TesteDeConsultarAeronave"/>
</testsuite> <!-- br.com.moonjava.flight.action.TesteDeConsultarAeronave -->
