<?xml version="1.0" encoding="UTF-8"?>
<!-- Generated by org.testng.reporters.JUnitReportReporter -->
<testsuite hostname="tiago-Compaq-Presario-CQ42-Notebook-PC" name="br.com.moonjava.action.TesteDeDeletarVoo" tests="1" failures="0" timestamp="9 Jul 2012 05:43:08 GMT" time="0.249" errors="0">
  <testcase name="voo_deve_ser_deletado_por_codigo" time="0.249" classname="br.com.moonjava.action.TesteDeDeletarVoo"/>
</testsuite> <!-- br.com.moonjava.action.TesteDeDeletarVoo -->
