<?xml version="1.0" encoding="UTF-8"?>
<!-- Generated by org.testng.reporters.JUnitReportReporter -->
<testsuite hostname="tiago-Compaq-Presario-CQ42-Notebook-PC" name="br.com.moonjava.flight.action.TesteDeCriarVoo" tests="1" failures="0" timestamp="4 Aug 2012 04:26:52 GMT" time="0.229" errors="0">
  <testcase name="voo_deve_ser_criado" time="0.229" classname="br.com.moonjava.flight.action.TesteDeCriarVoo"/>
</testsuite> <!-- br.com.moonjava.flight.action.TesteDeCriarVoo -->
