<?xml version="1.0" encoding="UTF-8"?>
<!-- Generated by org.testng.reporters.JUnitReportReporter -->
<testsuite hostname="tiago-Compaq-Presario-CQ42-Notebook-PC" name="br.com.moonjava.jdbc.TesteDeConexao" tests="1" failures="0" timestamp="8 Jul 2012 16:03:12 GMT" time="0.317" errors="0">
  <testcase name="conexao_com_o_bd_deve_funcionar" time="0.317" classname="br.com.moonjava.jdbc.TesteDeConexao"/>
</testsuite> <!-- br.com.moonjava.jdbc.TesteDeConexao -->
