<?xml version="1.0" encoding="UTF-8"?>
<!-- Generated by org.testng.reporters.JUnitReportReporter -->
<testsuite hostname="tiago-Compaq-Presario-CQ42-Notebook-PC" name="br.com.moonjava.action.TesteDeControlarStatus" tests="1" failures="0" timestamp="9 Jul 2012 05:42:56 GMT" time="0.259" errors="0">
  <testcase name="status_deve_ser_atualizado" time="0.259" classname="br.com.moonjava.action.TesteDeControlarStatus"/>
</testsuite> <!-- br.com.moonjava.action.TesteDeControlarStatus -->
