<?xml version="1.0" encoding="UTF-8"?>
<!-- Generated by org.testng.reporters.JUnitReportReporter -->
<testsuite hostname="tiago-Compaq-Presario-CQ42-Notebook-PC" name="br.com.moonjava.flight.action.TesteDeConsultarVoo" tests="7" failures="0" timestamp="10 Jul 2012 01:48:59 GMT" time="0.313" errors="0">
  <testcase name="filtro_por_status_e_data_de_partida" time="0.023" classname="br.com.moonjava.flight.action.TesteDeConsultarVoo"/>
  <testcase name="filtro_por_origem" time="0.019" classname="br.com.moonjava.flight.action.TesteDeConsultarVoo"/>
  <testcase name="filtro_por_destino" time="0.024" classname="br.com.moonjava.flight.action.TesteDeConsultarVoo"/>
  <testcase name="filtro_por_status_e_data_de_chegada" time="0.022" classname="br.com.moonjava.flight.action.TesteDeConsultarVoo"/>
  <testcase name="buscar_por_todos_voos_disponiveis" time="0.184" classname="br.com.moonjava.flight.action.TesteDeConsultarVoo"/>
  <testcase name="filtro_por_status_indisponivel" time="0.021" classname="br.com.moonjava.flight.action.TesteDeConsultarVoo"/>
  <testcase name="consulta_por_codigo" time="0.020" classname="br.com.moonjava.flight.action.TesteDeConsultarVoo"/>
</testsuite> <!-- br.com.moonjava.flight.action.TesteDeConsultarVoo -->
