<?xml version="1.0" encoding="UTF-8"?>
<!-- Generated by org.testng.reporters.JUnitReportReporter -->
<testsuite hostname="tiago-Compaq-Presario-CQ42-Notebook-PC" name="br.com.moonjava.flight.jdbc.TesteDeDbUnit" tests="1" failures="0" timestamp="10 Jul 2012 01:39:33 GMT" time="0.959" errors="0">
  <testcase name="dbunit_deve_funcionar_corretamente" time="0.959" classname="br.com.moonjava.flight.jdbc.TesteDeDbUnit"/>
</testsuite> <!-- br.com.moonjava.flight.jdbc.TesteDeDbUnit -->
