<?xml version="1.0" encoding="UTF-8"?>
<!-- Generated by org.testng.reporters.JUnitReportReporter -->
<testsuite hostname="tiago-Compaq-Presario-CQ42-Notebook-PC" name="br.com.moonjava.flight.action.TesteDeCriarAeronave" tests="1" failures="0" timestamp="4 Aug 2012 04:26:18 GMT" time="0.154" errors="0">
  <testcase name="criar_aeronave" time="0.154" classname="br.com.moonjava.flight.action.TesteDeCriarAeronave"/>
</testsuite> <!-- br.com.moonjava.flight.action.TesteDeCriarAeronave -->
