<?xml version="1.0" encoding="UTF-8"?>
<!-- Generated by org.testng.reporters.JUnitReportReporter -->
<testsuite hostname="tiago-Compaq-Presario-CQ42-Notebook-PC" name="br.com.moonjava.flight.action.TesteDeAtualizarVoo" tests="1" failures="0" timestamp="4 Aug 2012 04:15:20 GMT" time="0.268" errors="0">
  <testcase name="voo_deve_ser_atualizado" time="0.268" classname="br.com.moonjava.flight.action.TesteDeAtualizarVoo"/>
</testsuite> <!-- br.com.moonjava.flight.action.TesteDeAtualizarVoo -->
