<?xml version="1.0" encoding="UTF-8"?>
<!-- Generated by org.testng.reporters.JUnitReportReporter -->
<testsuite hostname="tiago-Compaq-Presario-CQ42-Notebook-PC" name="br.com.moonjava.action.TesteDeCriarVoo" tests="1" failures="0" timestamp="9 Jul 2012 05:43:02 GMT" time="0.273" errors="0">
  <testcase name="voo_deve_ser_criado" time="0.273" classname="br.com.moonjava.action.TesteDeCriarVoo"/>
</testsuite> <!-- br.com.moonjava.action.TesteDeCriarVoo -->
