<?xml version="1.0" encoding="UTF-8"?>
<!-- Generated by org.testng.reporters.JUnitReportReporter -->
<testsuite hostname="MiqueiasVieira" name="br.com.moonjava.flight.util.TesteDeCPF" tests="5" failures="0" timestamp="28 Jul 2012 18:27:45 GMT" time="0.010" errors="0">
  <testcase name="excecao_de_cpf_invalido_deve_ser_lancada_com_long" time="0.000" classname="br.com.moonjava.flight.util.TesteDeCPF"/>
  <testcase name="cpf_deve_ser_convertido_em_numero" time="0.000" classname="br.com.moonjava.flight.util.TesteDeCPF"/>
  <testcase name="excecao_de_cpf_invalido_deve_ser_lancada_com_12_digitos" time="0.000" classname="br.com.moonjava.flight.util.TesteDeCPF"/>
  <testcase name="cpf_deve_ser_valido" time="0.000" classname="br.com.moonjava.flight.util.TesteDeCPF"/>
  <testcase name="excecao_de_cpf_invalido_deve_ser_lancada_com_string" time="0.010" classname="br.com.moonjava.flight.util.TesteDeCPF"/>
</testsuite> <!-- br.com.moonjava.flight.util.TesteDeCPF -->
