<?xml version="1.0" encoding="UTF-8"?>
<!-- Generated by org.testng.reporters.JUnitReportReporter -->
<testsuite hostname="MiqueiasVieira" name="br.com.moonjava.flight.jdbc.TesteDeConexao" tests="1" failures="0" timestamp="28 Jul 2012 18:27:58 GMT" time="0,010" errors="0">
  <testcase name="conexao_com_o_bd_deve_funcionar" time="0,010" classname="br.com.moonjava.flight.jdbc.TesteDeConexao"/>
</testsuite>
