<?xml version="1.0" encoding="UTF-8"?>
<!-- Generated by org.testng.reporters.JUnitReportReporter -->
<testsuite hostname="MiqueiasVieira" name="br.com.moonjava.flight.action.TesteDeControlarStatus" tests="1" failures="0" timestamp="28 Jul 2012 18:27:58 GMT" time="0,040" errors="0">
  <testcase name="status_deve_ser_atualizado" time="0,040" classname="br.com.moonjava.flight.action.TesteDeControlarStatus"/>
</testsuite>
