<?xml version="1.0" encoding="UTF-8"?>
<!-- Generated by org.testng.reporters.JUnitReportReporter -->
<testsuite hostname="MiqueiasVieira" name="br.com.moonjava.flight.action.TesteDeConsultarAeronave" tests="2" failures="0" timestamp="28 Jul 2012 18:27:58 GMT" time="0,020" errors="0">
  <testcase name="consultar_por_filtro_nome" time="0,010" classname="br.com.moonjava.flight.action.TesteDeConsultarAeronave"/>
  <testcase name="consultar_todas_aeronaves" time="0,010" classname="br.com.moonjava.flight.action.TesteDeConsultarAeronave"/>
</testsuite>
