<?xml version="1.0" encoding="UTF-8"?>
<!-- Generated by org.testng.reporters.JUnitReportReporter -->
<testsuite hostname="tiago-Compaq-Presario-CQ42-Notebook-PC" name="br.com.moonjava.flight.action.TesteDeConsultarVoo" tests="8" failures="0" timestamp="4 Aug 2012 04:50:56 GMT" time="0.141" errors="0">
  <testcase name="filtro_por_status_indisponivel" time="0.029" classname="br.com.moonjava.flight.action.TesteDeConsultarVoo"/>
  <testcase name="filtro_por_status_e_data_de_chegada" time="0.013" classname="br.com.moonjava.flight.action.TesteDeConsultarVoo"/>
  <testcase name="filtro_por_destino" time="0.016" classname="br.com.moonjava.flight.action.TesteDeConsultarVoo"/>
  <testcase name="consultar_por_aeronave" time="0.014" classname="br.com.moonjava.flight.action.TesteDeConsultarVoo"/>
  <testcase name="filtro_por_origem" time="0.014" classname="br.com.moonjava.flight.action.TesteDeConsultarVoo"/>
  <testcase name="consulta_por_id" time="0.014" classname="br.com.moonjava.flight.action.TesteDeConsultarVoo"/>
  <testcase name="buscar_por_todos_voos_disponiveis" time="0.015" classname="br.com.moonjava.flight.action.TesteDeConsultarVoo"/>
  <testcase name="filtro_por_status_e_data_de_partida" time="0.026" classname="br.com.moonjava.flight.action.TesteDeConsultarVoo"/>
</testsuite>
