<?xml version="1.0" encoding="UTF-8"?>
<!-- Generated by org.testng.reporters.JUnitReportReporter -->
<testsuite hostname="MiqueiasVieira" name="br.com.moonjava.flight.util.TesteDeParam" tests="7" failures="0" timestamp="28 Jul 2012 18:27:58 GMT" time="0,000" errors="0">
  <testcase name="object_deve_ter_casting_de_local_date" time="0,000" classname="br.com.moonjava.flight.util.TesteDeParam"/>
  <testcase name="object_deve_ter_casting_de_String" time="0,000" classname="br.com.moonjava.flight.util.TesteDeParam"/>
  <testcase name="object_deve_ter_casting_de_boolean" time="0,000" classname="br.com.moonjava.flight.util.TesteDeParam"/>
  <testcase name="object_deve_ter_casting_de_date_time" time="0,000" classname="br.com.moonjava.flight.util.TesteDeParam"/>
  <testcase name="object_deve_ter_casting_de_integer" time="0,000" classname="br.com.moonjava.flight.util.TesteDeParam"/>
  <testcase name="object_deve_ter_casting_de_long" time="0,000" classname="br.com.moonjava.flight.util.TesteDeParam"/>
  <testcase name="object_deve_ter_casting_de_double" time="0,000" classname="br.com.moonjava.flight.util.TesteDeParam"/>
</testsuite>
