<?xml version="1.0" encoding="UTF-8"?>
<!-- Generated by org.testng.reporters.JUnitReportReporter -->
<testsuite hostname="tiago-Compaq-Presario-CQ42-Notebook-PC" name="br.com.moonjava.flight.action.TesteDeAtualizarAeronave" tests="1" failures="0" timestamp="4 Aug 2012 04:50:56 GMT" time="0.145" errors="0">
  <testcase name="atualizar_aeronave" time="0.145" classname="br.com.moonjava.flight.action.TesteDeAtualizarAeronave"/>
</testsuite>
