<?xml version="1.0" encoding="UTF-8"?>
<!-- Generated by org.testng.reporters.JUnitReportReporter -->
<testsuite hostname="MiqueiasVieira" name="br.com.moonjava.flight.action.TesteDeConsultarVoo" tests="7" failures="0" timestamp="25 Jul 2012 22:55:56 GMT" time="0,109" errors="0">
  <testcase name="buscar_por_todos_voos_disponiveis" time="0,031" classname="br.com.moonjava.flight.action.TesteDeConsultarVoo"/>
  <testcase name="filtro_por_status_e_data_de_partida" time="0,016" classname="br.com.moonjava.flight.action.TesteDeConsultarVoo"/>
  <testcase name="filtro_por_destino" time="0,015" classname="br.com.moonjava.flight.action.TesteDeConsultarVoo"/>
  <testcase name="filtro_por_status_e_data_de_chegada" time="0,015" classname="br.com.moonjava.flight.action.TesteDeConsultarVoo"/>
  <testcase name="consulta_por_codigo" time="0,016" classname="br.com.moonjava.flight.action.TesteDeConsultarVoo"/>
  <testcase name="filtro_por_status_indisponivel" time="0,000" classname="br.com.moonjava.flight.action.TesteDeConsultarVoo"/>
  <testcase name="filtro_por_origem" time="0,016" classname="br.com.moonjava.flight.action.TesteDeConsultarVoo"/>
</testsuite>
