<?xml version="1.0" encoding="UTF-8"?>
<!-- Generated by org.testng.reporters.JUnitReportReporter -->
<testsuite hostname="MiqueiasVieira" name="br.com.moonjava.flight.jdbc.TesteDeDbUnit" tests="1" failures="0" timestamp="25 Jul 2012 22:55:56 GMT" time="0,062" errors="0">
  <testcase name="teste_de_insert_dbunit" time="0,062" classname="br.com.moonjava.flight.jdbc.TesteDeDbUnit"/>
</testsuite>
