<?xml version="1.0" encoding="UTF-8"?>
<!-- Generated by org.testng.reporters.JUnitReportReporter -->
<testsuite hostname="MiqueiasVieira" name="br.com.moonjava.flight.action.TesteDeAtualizarAeronave" tests="1" failures="0" timestamp="28 Jul 2012 18:27:58 GMT" time="0,060" errors="0">
  <testcase name="atualizar_aeronave" time="0,060" classname="br.com.moonjava.flight.action.TesteDeAtualizarAeronave"/>
</testsuite>
