<?xml version="1.0" encoding="UTF-8"?>
<!-- Generated by org.testng.reporters.JUnitReportReporter -->
<testsuite hostname="tiago-Compaq-Presario-CQ42-Notebook-PC" name="br.com.moonjava.flight.action.TesteDeDeletarVoo" tests="1" failures="0" timestamp="4 Aug 2012 04:50:56 GMT" time="0.064" errors="0">
  <testcase name="voo_deve_ser_deletado_por_codigo" time="0.064" classname="br.com.moonjava.flight.action.TesteDeDeletarVoo"/>
</testsuite>
