<?xml version="1.0" encoding="UTF-8"?>
<!-- Generated by org.testng.reporters.JUnitReportReporter -->
<testsuite hostname="tiago-Compaq-Presario-CQ42-Notebook-PC" name="br.com.moonjava.flight.action.TesteDeControlarStatus" tests="1" failures="0" timestamp="4 Aug 2012 04:50:56 GMT" time="0.103" errors="0">
  <testcase name="status_deve_ser_atualizado" time="0.103" classname="br.com.moonjava.flight.action.TesteDeControlarStatus"/>
</testsuite>
