<?xml version="1.0" encoding="UTF-8"?>
<!-- Generated by org.testng.reporters.JUnitReportReporter -->
<testsuite hostname="tiago-Compaq-Presario-CQ42-Notebook-PC" name="br.com.moonjava.flight.jdbc.TesteDeConexao" tests="1" failures="0" timestamp="4 Aug 2012 04:50:56 GMT" time="0.008" errors="0">
  <testcase name="conexao_com_o_bd_deve_funcionar" time="0.008" classname="br.com.moonjava.flight.jdbc.TesteDeConexao"/>
</testsuite>
