<?xml version="1.0" encoding="UTF-8"?>
<!-- Generated by org.testng.reporters.JUnitReportReporter -->
<testsuite hostname="MiqueiasVieira" name="br.com.moonjava.flight.action.TesteDeConsultarVoo" tests="8" failures="0" timestamp="28 Jul 2012 18:27:58 GMT" time="0,080" errors="0">
  <testcase name="filtro_por_status_indisponivel" time="0,010" classname="br.com.moonjava.flight.action.TesteDeConsultarVoo"/>
  <testcase name="filtro_por_origem" time="0,010" classname="br.com.moonjava.flight.action.TesteDeConsultarVoo"/>
  <testcase name="consultar_por_id_aeronave" time="0,010" classname="br.com.moonjava.flight.action.TesteDeConsultarVoo"/>
  <testcase name="filtro_por_destino" time="0,010" classname="br.com.moonjava.flight.action.TesteDeConsultarVoo"/>
  <testcase name="filtro_por_status_e_data_de_chegada" time="0,010" classname="br.com.moonjava.flight.action.TesteDeConsultarVoo"/>
  <testcase name="buscar_por_todos_voos_disponiveis" time="0,010" classname="br.com.moonjava.flight.action.TesteDeConsultarVoo"/>
  <testcase name="filtro_por_status_e_data_de_partida" time="0,010" classname="br.com.moonjava.flight.action.TesteDeConsultarVoo"/>
  <testcase name="consulta_por_codigo" time="0,010" classname="br.com.moonjava.flight.action.TesteDeConsultarVoo"/>
</testsuite>
