<?xml version="1.0" encoding="UTF-8"?>
<!-- Generated by org.testng.reporters.JUnitReportReporter -->
<testsuite hostname="MiqueiasVieira" name="br.com.moonjava.flight.action.TesteDeControlarStatus" tests="1" failures="0" timestamp="25 Jul 2012 22:55:56 GMT" time="0,032" errors="0">
  <testcase name="status_deve_ser_atualizado" time="0,032" classname="br.com.moonjava.flight.action.TesteDeControlarStatus"/>
</testsuite>
